{"/Users/golnar/Desktop/Nintino/chippers/src/Components/index.js": {"path":"/Users/golnar/Desktop/Nintino/chippers/src/Components/index.js","statementMap":{},"fnMap":{},"branchMap":{},"s":{},"f":{},"b":{},"_coverageSchema":"1a1c01bbd47fc00a2c39e90264f33305004495a9","hash":"ead098151f2a3895cda16b8ebdac0e0ab9ddded1"}
,"/Users/golnar/Desktop/Nintino/chippers/src/Components/BluePiece/index.jsx": {"path":"/Users/golnar/Desktop/Nintino/chippers/src/Components/BluePiece/index.jsx","statementMap":{"0":{"start":{"line":5,"column":19},"end":{"line":5,"column":29}},"1":{"start":{"line":6,"column":22},"end":{"line":6,"column":36}},"2":{"start":{"line":8,"column":20},"end":{"line":11,"column":5}},"3":{"start":{"line":9,"column":8},"end":{"line":9,"column":23}},"4":{"start":{"line":13,"column":4},"end":{"line":15,"column":5}}},"fnMap":{"0":{"name":"BluePiece","decl":{"start":{"line":4,"column":16},"end":{"line":4,"column":25}},"loc":{"start":{"line":4,"column":57},"end":{"line":16,"column":1}},"line":4},"1":{"name":"(anonymous_1)","decl":{"start":{"line":8,"column":20},"end":{"line":8,"column":21}},"loc":{"start":{"line":8,"column":27},"end":{"line":11,"column":5}},"line":8}},"branchMap":{},"s":{"0":61,"1":61,"2":61,"3":0,"4":61},"f":{"0":61,"1":0},"b":{},"_coverageSchema":"1a1c01bbd47fc00a2c39e90264f33305004495a9","hash":"fabf31893fd6928d5365d5fb8e5a757ed11097a4"}
,"/Users/golnar/Desktop/Nintino/chippers/src/Components/BoardSquare/index.jsx": {"path":"/Users/golnar/Desktop/Nintino/chippers/src/Components/BoardSquare/index.jsx","statementMap":{"0":{"start":{"line":6,"column":19},"end":{"line":6,"column":29}},"1":{"start":{"line":7,"column":22},"end":{"line":7,"column":36}},"2":{"start":{"line":9,"column":20},"end":{"line":12,"column":5}},"3":{"start":{"line":10,"column":8},"end":{"line":10,"column":23}},"4":{"start":{"line":14,"column":4},"end":{"line":23,"column":4}}},"fnMap":{"0":{"name":"BoardSquare","decl":{"start":{"line":4,"column":16},"end":{"line":4,"column":27}},"loc":{"start":{"line":4,"column":58},"end":{"line":25,"column":1}},"line":4},"1":{"name":"(anonymous_1)","decl":{"start":{"line":9,"column":20},"end":{"line":9,"column":21}},"loc":{"start":{"line":9,"column":27},"end":{"line":12,"column":5}},"line":9}},"branchMap":{"0":{"loc":{"start":{"line":16,"column":14},"end":{"line":19,"column":124}},"type":"cond-expr","locations":[{"start":{"line":17,"column":17},"end":{"line":17,"column":162}},{"start":{"line":19,"column":16},"end":{"line":19,"column":124}}],"line":16}},"s":{"0":521,"1":521,"2":521,"3":0,"4":521},"f":{"0":521,"1":0},"b":{"0":[520,1]},"_coverageSchema":"1a1c01bbd47fc00a2c39e90264f33305004495a9","hash":"52980d677eb8bfdb31a367a536139e6a5761cb56"}
,"/Users/golnar/Desktop/Nintino/chippers/src/Components/CheckerGame/index.jsx": {"path":"/Users/golnar/Desktop/Nintino/chippers/src/Components/CheckerGame/index.jsx","statementMap":{"0":{"start":{"line":12,"column":18},"end":{"line":12,"column":30}},"1":{"start":{"line":13,"column":31},"end":{"line":13,"column":176}},"2":{"start":{"line":14,"column":36},"end":{"line":14,"column":48}},"3":{"start":{"line":15,"column":46},"end":{"line":15,"column":58}},"4":{"start":{"line":16,"column":38},"end":{"line":16,"column":50}},"5":{"start":{"line":17,"column":40},"end":{"line":17,"column":52}},"6":{"start":{"line":18,"column":42},"end":{"line":18,"column":57}},"7":{"start":{"line":19,"column":21},"end":{"line":19,"column":30}},"8":{"start":{"line":20,"column":4},"end":{"line":20,"column":26}},"9":{"start":{"line":21,"column":19},"end":{"line":21,"column":51}},"10":{"start":{"line":22,"column":4},"end":{"line":38,"column":9}},"11":{"start":{"line":23,"column":8},"end":{"line":23,"column":47}},"12":{"start":{"line":24,"column":8},"end":{"line":24,"column":46}},"13":{"start":{"line":25,"column":8},"end":{"line":37,"column":10}},"14":{"start":{"line":26,"column":12},"end":{"line":34,"column":13}},"15":{"start":{"line":27,"column":16},"end":{"line":27,"column":34}},"16":{"start":{"line":28,"column":16},"end":{"line":28,"column":34}},"17":{"start":{"line":29,"column":26},"end":{"line":29,"column":75}},"18":{"start":{"line":29,"column":53},"end":{"line":29,"column":74}},"19":{"start":{"line":30,"column":27},"end":{"line":30,"column":77}},"20":{"start":{"line":30,"column":54},"end":{"line":30,"column":76}},"21":{"start":{"line":31,"column":16},"end":{"line":31,"column":43}},"22":{"start":{"line":32,"column":16},"end":{"line":32,"column":45}},"23":{"start":{"line":33,"column":16},"end":{"line":33,"column":50}},"24":{"start":{"line":41,"column":4},"end":{"line":64,"column":17}},"25":{"start":{"line":42,"column":26},"end":{"line":61,"column":9}},"26":{"start":{"line":43,"column":22},"end":{"line":43,"column":24}},"27":{"start":{"line":44,"column":23},"end":{"line":44,"column":25}},"28":{"start":{"line":45,"column":12},"end":{"line":45,"column":52}},"29":{"start":{"line":46,"column":12},"end":{"line":57,"column":13}},"30":{"start":{"line":48,"column":16},"end":{"line":56,"column":17}},"31":{"start":{"line":48,"column":27},"end":{"line":48,"column":28}},"32":{"start":{"line":49,"column":20},"end":{"line":55,"column":21}},"33":{"start":{"line":50,"column":24},"end":{"line":54,"column":25}},"34":{"start":{"line":51,"column":28},"end":{"line":51,"column":60}},"35":{"start":{"line":53,"column":28},"end":{"line":53,"column":61}},"36":{"start":{"line":60,"column":12},"end":{"line":60,"column":42}},"37":{"start":{"line":62,"column":25},"end":{"line":62,"column":40}},"38":{"start":{"line":63,"column":8},"end":{"line":63,"column":29}},"39":{"start":{"line":66,"column":16},"end":{"line":66,"column":26}},"40":{"start":{"line":69,"column":17},"end":{"line":69,"column":28}},"41":{"start":{"line":79,"column":22},"end":{"line":88,"column":5}},"42":{"start":{"line":91,"column":21},"end":{"line":103,"column":5}},"43":{"start":{"line":93,"column":23},"end":{"line":93,"column":83}},"44":{"start":{"line":93,"column":54},"end":{"line":93,"column":82}},"45":{"start":{"line":94,"column":8},"end":{"line":94,"column":28}},"46":{"start":{"line":95,"column":8},"end":{"line":95,"column":64}},"47":{"start":{"line":96,"column":8},"end":{"line":102,"column":9}},"48":{"start":{"line":97,"column":12},"end":{"line":97,"column":32}},"49":{"start":{"line":98,"column":14},"end":{"line":102,"column":9}},"50":{"start":{"line":99,"column":12},"end":{"line":99,"column":32}},"51":{"start":{"line":101,"column":12},"end":{"line":101,"column":33}},"52":{"start":{"line":104,"column":4},"end":{"line":235,"column":22}},"53":{"start":{"line":106,"column":24},"end":{"line":231,"column":9}},"54":{"start":{"line":107,"column":12},"end":{"line":107,"column":29}},"55":{"start":{"line":108,"column":12},"end":{"line":229,"column":13}},"56":{"start":{"line":109,"column":16},"end":{"line":163,"column":17}},"57":{"start":{"line":111,"column":24},"end":{"line":111,"column":40}},"58":{"start":{"line":112,"column":24},"end":{"line":123,"column":25}},"59":{"start":{"line":113,"column":28},"end":{"line":113,"column":75}},"60":{"start":{"line":114,"column":28},"end":{"line":114,"column":56}},"61":{"start":{"line":115,"column":28},"end":{"line":115,"column":72}},"62":{"start":{"line":116,"column":30},"end":{"line":123,"column":25}},"63":{"start":{"line":117,"column":28},"end":{"line":121,"column":29}},"64":{"start":{"line":118,"column":32},"end":{"line":118,"column":74}},"65":{"start":{"line":119,"column":32},"end":{"line":119,"column":60}},"66":{"start":{"line":120,"column":32},"end":{"line":120,"column":76}},"67":{"start":{"line":124,"column":24},"end":{"line":124,"column":29}},"68":{"start":{"line":126,"column":24},"end":{"line":126,"column":40}},"69":{"start":{"line":127,"column":24},"end":{"line":138,"column":25}},"70":{"start":{"line":128,"column":28},"end":{"line":128,"column":75}},"71":{"start":{"line":129,"column":28},"end":{"line":129,"column":56}},"72":{"start":{"line":130,"column":28},"end":{"line":130,"column":72}},"73":{"start":{"line":131,"column":30},"end":{"line":138,"column":25}},"74":{"start":{"line":132,"column":28},"end":{"line":136,"column":29}},"75":{"start":{"line":133,"column":32},"end":{"line":133,"column":73}},"76":{"start":{"line":134,"column":32},"end":{"line":134,"column":60}},"77":{"start":{"line":135,"column":32},"end":{"line":135,"column":76}},"78":{"start":{"line":139,"column":24},"end":{"line":139,"column":29}},"79":{"start":{"line":141,"column":24},"end":{"line":150,"column":25}},"80":{"start":{"line":142,"column":28},"end":{"line":142,"column":68}},"81":{"start":{"line":143,"column":28},"end":{"line":143,"column":75}},"82":{"start":{"line":144,"column":30},"end":{"line":150,"column":25}},"83":{"start":{"line":145,"column":28},"end":{"line":148,"column":29}},"84":{"start":{"line":146,"column":32},"end":{"line":146,"column":74}},"85":{"start":{"line":147,"column":32},"end":{"line":147,"column":60}},"86":{"start":{"line":151,"column":24},"end":{"line":160,"column":25}},"87":{"start":{"line":152,"column":28},"end":{"line":152,"column":68}},"88":{"start":{"line":153,"column":28},"end":{"line":153,"column":75}},"89":{"start":{"line":154,"column":30},"end":{"line":160,"column":25}},"90":{"start":{"line":155,"column":28},"end":{"line":158,"column":29}},"91":{"start":{"line":156,"column":32},"end":{"line":156,"column":73}},"92":{"start":{"line":157,"column":32},"end":{"line":157,"column":60}},"93":{"start":{"line":161,"column":24},"end":{"line":161,"column":52}},"94":{"start":{"line":162,"column":24},"end":{"line":162,"column":68}},"95":{"start":{"line":165,"column":18},"end":{"line":229,"column":13}},"96":{"start":{"line":166,"column":16},"end":{"line":228,"column":17}},"97":{"start":{"line":168,"column":24},"end":{"line":168,"column":40}},"98":{"start":{"line":169,"column":24},"end":{"line":181,"column":25}},"99":{"start":{"line":170,"column":28},"end":{"line":170,"column":77}},"100":{"start":{"line":171,"column":28},"end":{"line":171,"column":56}},"101":{"start":{"line":172,"column":28},"end":{"line":172,"column":73}},"102":{"start":{"line":173,"column":30},"end":{"line":181,"column":25}},"103":{"start":{"line":174,"column":28},"end":{"line":174,"column":56}},"104":{"start":{"line":175,"column":28},"end":{"line":179,"column":29}},"105":{"start":{"line":176,"column":32},"end":{"line":176,"column":75}},"106":{"start":{"line":177,"column":32},"end":{"line":177,"column":60}},"107":{"start":{"line":178,"column":28},"end":{"line":178,"column":73}},"108":{"start":{"line":182,"column":24},"end":{"line":182,"column":29}},"109":{"start":{"line":184,"column":24},"end":{"line":184,"column":40}},"110":{"start":{"line":185,"column":24},"end":{"line":197,"column":25}},"111":{"start":{"line":186,"column":28},"end":{"line":186,"column":77}},"112":{"start":{"line":187,"column":28},"end":{"line":187,"column":56}},"113":{"start":{"line":188,"column":28},"end":{"line":188,"column":73}},"114":{"start":{"line":189,"column":30},"end":{"line":197,"column":25}},"115":{"start":{"line":190,"column":28},"end":{"line":190,"column":56}},"116":{"start":{"line":191,"column":28},"end":{"line":195,"column":29}},"117":{"start":{"line":192,"column":32},"end":{"line":192,"column":74}},"118":{"start":{"line":193,"column":32},"end":{"line":193,"column":60}},"119":{"start":{"line":194,"column":32},"end":{"line":194,"column":77}},"120":{"start":{"line":198,"column":24},"end":{"line":198,"column":29}},"121":{"start":{"line":200,"column":24},"end":{"line":212,"column":25}},"122":{"start":{"line":201,"column":28},"end":{"line":201,"column":54}},"123":{"start":{"line":202,"column":28},"end":{"line":202,"column":70}},"124":{"start":{"line":203,"column":28},"end":{"line":203,"column":77}},"125":{"start":{"line":204,"column":31},"end":{"line":212,"column":25}},"126":{"start":{"line":205,"column":28},"end":{"line":205,"column":56}},"127":{"start":{"line":206,"column":28},"end":{"line":209,"column":29}},"128":{"start":{"line":207,"column":32},"end":{"line":207,"column":75}},"129":{"start":{"line":208,"column":32},"end":{"line":208,"column":60}},"130":{"start":{"line":214,"column":24},"end":{"line":225,"column":25}},"131":{"start":{"line":215,"column":28},"end":{"line":215,"column":53}},"132":{"start":{"line":216,"column":28},"end":{"line":216,"column":70}},"133":{"start":{"line":217,"column":28},"end":{"line":217,"column":77}},"134":{"start":{"line":218,"column":30},"end":{"line":225,"column":25}},"135":{"start":{"line":219,"column":28},"end":{"line":219,"column":56}},"136":{"start":{"line":220,"column":28},"end":{"line":223,"column":29}},"137":{"start":{"line":221,"column":32},"end":{"line":221,"column":74}},"138":{"start":{"line":222,"column":32},"end":{"line":222,"column":60}},"139":{"start":{"line":226,"column":24},"end":{"line":226,"column":52}},"140":{"start":{"line":227,"column":24},"end":{"line":227,"column":69}},"141":{"start":{"line":232,"column":8},"end":{"line":234,"column":9}},"142":{"start":{"line":233,"column":12},"end":{"line":233,"column":36}},"143":{"start":{"line":238,"column":26},"end":{"line":243,"column":6}},"144":{"start":{"line":239,"column":8},"end":{"line":243,"column":5}},"145":{"start":{"line":240,"column":12},"end":{"line":242,"column":9}},"146":{"start":{"line":241,"column":16},"end":{"line":241,"column":75}},"147":{"start":{"line":245,"column":27},"end":{"line":250,"column":6}},"148":{"start":{"line":246,"column":8},"end":{"line":250,"column":5}},"149":{"start":{"line":247,"column":12},"end":{"line":249,"column":9}},"150":{"start":{"line":248,"column":16},"end":{"line":248,"column":75}},"151":{"start":{"line":252,"column":21},"end":{"line":261,"column":6}},"152":{"start":{"line":253,"column":8},"end":{"line":261,"column":5}},"153":{"start":{"line":254,"column":12},"end":{"line":254,"column":37}},"154":{"start":{"line":255,"column":12},"end":{"line":259,"column":9}},"155":{"start":{"line":256,"column":16},"end":{"line":258,"column":13}},"156":{"start":{"line":257,"column":20},"end":{"line":257,"column":79}},"157":{"start":{"line":263,"column":22},"end":{"line":276,"column":5}},"158":{"start":{"line":264,"column":8},"end":{"line":274,"column":9}},"159":{"start":{"line":265,"column":12},"end":{"line":273,"column":13}},"160":{"start":{"line":266,"column":16},"end":{"line":271,"column":17}},"161":{"start":{"line":267,"column":20},"end":{"line":267,"column":79}},"162":{"start":{"line":270,"column":20},"end":{"line":270,"column":53}},"163":{"start":{"line":278,"column":24},"end":{"line":286,"column":5}},"164":{"start":{"line":279,"column":8},"end":{"line":284,"column":9}},"165":{"start":{"line":280,"column":12},"end":{"line":280,"column":23}},"166":{"start":{"line":283,"column":12},"end":{"line":283,"column":24}},"167":{"start":{"line":288,"column":24},"end":{"line":305,"column":5}},"168":{"start":{"line":290,"column":8},"end":{"line":290,"column":81}},"169":{"start":{"line":291,"column":8},"end":{"line":291,"column":52}},"170":{"start":{"line":307,"column":22},"end":{"line":382,"column":5}},"171":{"start":{"line":309,"column":8},"end":{"line":381,"column":9}},"172":{"start":{"line":311,"column":12},"end":{"line":380,"column":13}},"173":{"start":{"line":311,"column":22},"end":{"line":311,"column":23}},"174":{"start":{"line":312,"column":16},"end":{"line":312,"column":47}},"175":{"start":{"line":313,"column":27},"end":{"line":313,"column":69}},"176":{"start":{"line":314,"column":16},"end":{"line":314,"column":55}},"177":{"start":{"line":315,"column":16},"end":{"line":315,"column":65}},"178":{"start":{"line":315,"column":32},"end":{"line":315,"column":58}},"179":{"start":{"line":316,"column":16},"end":{"line":316,"column":52}},"180":{"start":{"line":317,"column":16},"end":{"line":379,"column":18}},"181":{"start":{"line":318,"column":20},"end":{"line":318,"column":38}},"182":{"start":{"line":319,"column":20},"end":{"line":377,"column":21}},"183":{"start":{"line":320,"column":24},"end":{"line":320,"column":97}},"184":{"start":{"line":321,"column":24},"end":{"line":334,"column":25}},"185":{"start":{"line":324,"column":41},"end":{"line":324,"column":162}},"186":{"start":{"line":325,"column":28},"end":{"line":325,"column":50}},"187":{"start":{"line":326,"column":46},"end":{"line":326,"column":63}},"188":{"start":{"line":328,"column":46},"end":{"line":328,"column":48}},"189":{"start":{"line":330,"column":28},"end":{"line":330,"column":88}},"190":{"start":{"line":331,"column":28},"end":{"line":331,"column":76}},"191":{"start":{"line":332,"column":28},"end":{"line":332,"column":75}},"192":{"start":{"line":333,"column":28},"end":{"line":333,"column":48}},"193":{"start":{"line":337,"column":42},"end":{"line":337,"column":59}},"194":{"start":{"line":338,"column":42},"end":{"line":338,"column":44}},"195":{"start":{"line":342,"column":24},"end":{"line":342,"column":84}},"196":{"start":{"line":343,"column":24},"end":{"line":343,"column":71}},"197":{"start":{"line":344,"column":24},"end":{"line":344,"column":44}},"198":{"start":{"line":348,"column":24},"end":{"line":348,"column":97}},"199":{"start":{"line":349,"column":24},"end":{"line":364,"column":25}},"200":{"start":{"line":352,"column":28},"end":{"line":352,"column":72}},"201":{"start":{"line":353,"column":28},"end":{"line":353,"column":60}},"202":{"start":{"line":354,"column":28},"end":{"line":354,"column":77}},"203":{"start":{"line":355,"column":41},"end":{"line":355,"column":162}},"204":{"start":{"line":356,"column":28},"end":{"line":356,"column":50}},"205":{"start":{"line":357,"column":46},"end":{"line":357,"column":63}},"206":{"start":{"line":359,"column":46},"end":{"line":359,"column":48}},"207":{"start":{"line":360,"column":28},"end":{"line":360,"column":88}},"208":{"start":{"line":361,"column":28},"end":{"line":361,"column":73}},"209":{"start":{"line":362,"column":28},"end":{"line":362,"column":75}},"210":{"start":{"line":363,"column":28},"end":{"line":363,"column":48}},"211":{"start":{"line":372,"column":42},"end":{"line":372,"column":59}},"212":{"start":{"line":373,"column":42},"end":{"line":373,"column":44}},"213":{"start":{"line":374,"column":24},"end":{"line":374,"column":84}},"214":{"start":{"line":375,"column":24},"end":{"line":375,"column":71}},"215":{"start":{"line":376,"column":24},"end":{"line":376,"column":44}},"216":{"start":{"line":386,"column":24},"end":{"line":395,"column":5}},"217":{"start":{"line":387,"column":8},"end":{"line":387,"column":33}},"218":{"start":{"line":388,"column":8},"end":{"line":394,"column":10}},"219":{"start":{"line":389,"column":12},"end":{"line":393,"column":13}},"220":{"start":{"line":390,"column":16},"end":{"line":390,"column":42}},"221":{"start":{"line":391,"column":19},"end":{"line":393,"column":13}},"222":{"start":{"line":392,"column":16},"end":{"line":392,"column":36}},"223":{"start":{"line":399,"column":21},"end":{"line":401,"column":5}},"224":{"start":{"line":400,"column":8},"end":{"line":400,"column":54}},"225":{"start":{"line":403,"column":23},"end":{"line":406,"column":5}},"226":{"start":{"line":404,"column":8},"end":{"line":404,"column":25}},"227":{"start":{"line":405,"column":8},"end":{"line":405,"column":31}},"228":{"start":{"line":408,"column":22},"end":{"line":419,"column":5}},"229":{"start":{"line":409,"column":8},"end":{"line":418,"column":9}},"230":{"start":{"line":410,"column":27},"end":{"line":410,"column":87}},"231":{"start":{"line":410,"column":58},"end":{"line":410,"column":86}},"232":{"start":{"line":411,"column":12},"end":{"line":415,"column":13}},"233":{"start":{"line":412,"column":16},"end":{"line":412,"column":47}},"234":{"start":{"line":414,"column":16},"end":{"line":414,"column":72}},"235":{"start":{"line":417,"column":12},"end":{"line":417,"column":28}},"236":{"start":{"line":421,"column":4},"end":{"line":434,"column":5}}},"fnMap":{"0":{"name":"CheckerGame","decl":{"start":{"line":11,"column":16},"end":{"line":11,"column":27}},"loc":{"start":{"line":11,"column":30},"end":{"line":435,"column":1}},"line":11},"1":{"name":"(anonymous_1)","decl":{"start":{"line":22,"column":14},"end":{"line":22,"column":15}},"loc":{"start":{"line":22,"column":18},"end":{"line":38,"column":5}},"line":22},"2":{"name":"(anonymous_2)","decl":{"start":{"line":25,"column":35},"end":{"line":25,"column":36}},"loc":{"start":{"line":25,"column":48},"end":{"line":37,"column":9}},"line":25},"3":{"name":"(anonymous_3)","decl":{"start":{"line":29,"column":44},"end":{"line":29,"column":45}},"loc":{"start":{"line":29,"column":53},"end":{"line":29,"column":74}},"line":29},"4":{"name":"(anonymous_4)","decl":{"start":{"line":30,"column":45},"end":{"line":30,"column":46}},"loc":{"start":{"line":30,"column":54},"end":{"line":30,"column":76}},"line":30},"5":{"name":"(anonymous_5)","decl":{"start":{"line":41,"column":14},"end":{"line":41,"column":15}},"loc":{"start":{"line":41,"column":18},"end":{"line":64,"column":5}},"line":41},"6":{"name":"(anonymous_6)","decl":{"start":{"line":42,"column":26},"end":{"line":42,"column":27}},"loc":{"start":{"line":42,"column":42},"end":{"line":61,"column":9}},"line":42},"7":{"name":"(anonymous_7)","decl":{"start":{"line":91,"column":21},"end":{"line":91,"column":22}},"loc":{"start":{"line":91,"column":28},"end":{"line":103,"column":5}},"line":91},"8":{"name":"(anonymous_8)","decl":{"start":{"line":93,"column":45},"end":{"line":93,"column":46}},"loc":{"start":{"line":93,"column":54},"end":{"line":93,"column":82}},"line":93},"9":{"name":"(anonymous_9)","decl":{"start":{"line":104,"column":14},"end":{"line":104,"column":15}},"loc":{"start":{"line":104,"column":18},"end":{"line":235,"column":5}},"line":104},"10":{"name":"(anonymous_10)","decl":{"start":{"line":106,"column":24},"end":{"line":106,"column":25}},"loc":{"start":{"line":106,"column":30},"end":{"line":231,"column":9}},"line":106},"11":{"name":"(anonymous_11)","decl":{"start":{"line":238,"column":26},"end":{"line":238,"column":27}},"loc":{"start":{"line":238,"column":47},"end":{"line":243,"column":6}},"line":238},"12":{"name":"(anonymous_12)","decl":{"start":{"line":245,"column":27},"end":{"line":245,"column":28}},"loc":{"start":{"line":245,"column":48},"end":{"line":250,"column":6}},"line":245},"13":{"name":"(anonymous_13)","decl":{"start":{"line":252,"column":21},"end":{"line":252,"column":22}},"loc":{"start":{"line":252,"column":41},"end":{"line":261,"column":6}},"line":252},"14":{"name":"(anonymous_14)","decl":{"start":{"line":263,"column":22},"end":{"line":263,"column":23}},"loc":{"start":{"line":263,"column":42},"end":{"line":276,"column":5}},"line":263},"15":{"name":"(anonymous_15)","decl":{"start":{"line":278,"column":24},"end":{"line":278,"column":25}},"loc":{"start":{"line":278,"column":31},"end":{"line":286,"column":5}},"line":278},"16":{"name":"(anonymous_16)","decl":{"start":{"line":288,"column":24},"end":{"line":288,"column":25}},"loc":{"start":{"line":288,"column":47},"end":{"line":305,"column":5}},"line":288},"17":{"name":"(anonymous_17)","decl":{"start":{"line":307,"column":22},"end":{"line":307,"column":23}},"loc":{"start":{"line":307,"column":59},"end":{"line":382,"column":5}},"line":307},"18":{"name":"(anonymous_18)","decl":{"start":{"line":315,"column":27},"end":{"line":315,"column":28}},"loc":{"start":{"line":315,"column":31},"end":{"line":315,"column":59}},"line":315},"19":{"name":"handleClick","decl":{"start":{"line":317,"column":57},"end":{"line":317,"column":68}},"loc":{"start":{"line":317,"column":71},"end":{"line":379,"column":17}},"line":317},"20":{"name":"(anonymous_20)","decl":{"start":{"line":386,"column":24},"end":{"line":386,"column":25}},"loc":{"start":{"line":386,"column":29},"end":{"line":395,"column":5}},"line":386},"21":{"name":"(anonymous_21)","decl":{"start":{"line":388,"column":34},"end":{"line":388,"column":35}},"loc":{"start":{"line":388,"column":41},"end":{"line":394,"column":9}},"line":388},"22":{"name":"(anonymous_22)","decl":{"start":{"line":399,"column":21},"end":{"line":399,"column":22}},"loc":{"start":{"line":399,"column":35},"end":{"line":401,"column":5}},"line":399},"23":{"name":"(anonymous_23)","decl":{"start":{"line":403,"column":23},"end":{"line":403,"column":24}},"loc":{"start":{"line":403,"column":29},"end":{"line":406,"column":5}},"line":403},"24":{"name":"(anonymous_24)","decl":{"start":{"line":408,"column":22},"end":{"line":408,"column":23}},"loc":{"start":{"line":408,"column":28},"end":{"line":419,"column":5}},"line":408},"25":{"name":"(anonymous_25)","decl":{"start":{"line":410,"column":49},"end":{"line":410,"column":50}},"loc":{"start":{"line":410,"column":58},"end":{"line":410,"column":86}},"line":410}},"branchMap":{"0":{"loc":{"start":{"line":26,"column":12},"end":{"line":34,"column":13}},"type":"if","locations":[{"start":{"line":26,"column":12},"end":{"line":34,"column":13}},{"start":{},"end":{}}],"line":26},"1":{"loc":{"start":{"line":46,"column":12},"end":{"line":57,"column":13}},"type":"if","locations":[{"start":{"line":46,"column":12},"end":{"line":57,"column":13}},{"start":{},"end":{}}],"line":46},"2":{"loc":{"start":{"line":49,"column":20},"end":{"line":55,"column":21}},"type":"if","locations":[{"start":{"line":49,"column":20},"end":{"line":55,"column":21}},{"start":{},"end":{}}],"line":49},"3":{"loc":{"start":{"line":50,"column":24},"end":{"line":54,"column":25}},"type":"if","locations":[{"start":{"line":50,"column":24},"end":{"line":54,"column":25}},{"start":{"line":52,"column":31},"end":{"line":54,"column":25}}],"line":50},"4":{"loc":{"start":{"line":96,"column":8},"end":{"line":102,"column":9}},"type":"if","locations":[{"start":{"line":96,"column":8},"end":{"line":102,"column":9}},{"start":{"line":98,"column":14},"end":{"line":102,"column":9}}],"line":96},"5":{"loc":{"start":{"line":96,"column":12},"end":{"line":96,"column":108}},"type":"binary-expr","locations":[{"start":{"line":96,"column":12},"end":{"line":96,"column":28}},{"start":{"line":96,"column":32},"end":{"line":96,"column":73}},{"start":{"line":96,"column":77},"end":{"line":96,"column":108}}],"line":96},"6":{"loc":{"start":{"line":98,"column":14},"end":{"line":102,"column":9}},"type":"if","locations":[{"start":{"line":98,"column":14},"end":{"line":102,"column":9}},{"start":{"line":100,"column":13},"end":{"line":102,"column":9}}],"line":98},"7":{"loc":{"start":{"line":98,"column":18},"end":{"line":98,"column":116}},"type":"binary-expr","locations":[{"start":{"line":98,"column":18},"end":{"line":98,"column":35}},{"start":{"line":98,"column":39},"end":{"line":98,"column":80}},{"start":{"line":98,"column":84},"end":{"line":98,"column":116}}],"line":98},"8":{"loc":{"start":{"line":108,"column":12},"end":{"line":229,"column":13}},"type":"if","locations":[{"start":{"line":108,"column":12},"end":{"line":229,"column":13}},{"start":{"line":165,"column":18},"end":{"line":229,"column":13}}],"line":108},"9":{"loc":{"start":{"line":109,"column":16},"end":{"line":163,"column":17}},"type":"switch","locations":[{"start":{"line":110,"column":20},"end":{"line":124,"column":29}},{"start":{"line":125,"column":20},"end":{"line":139,"column":29}},{"start":{"line":140,"column":20},"end":{"line":162,"column":68}}],"line":109},"10":{"loc":{"start":{"line":112,"column":24},"end":{"line":123,"column":25}},"type":"if","locations":[{"start":{"line":112,"column":24},"end":{"line":123,"column":25}},{"start":{"line":116,"column":30},"end":{"line":123,"column":25}}],"line":112},"11":{"loc":{"start":{"line":116,"column":30},"end":{"line":123,"column":25}},"type":"if","locations":[{"start":{"line":116,"column":30},"end":{"line":123,"column":25}},{"start":{},"end":{}}],"line":116},"12":{"loc":{"start":{"line":117,"column":28},"end":{"line":121,"column":29}},"type":"if","locations":[{"start":{"line":117,"column":28},"end":{"line":121,"column":29}},{"start":{},"end":{}}],"line":117},"13":{"loc":{"start":{"line":127,"column":24},"end":{"line":138,"column":25}},"type":"if","locations":[{"start":{"line":127,"column":24},"end":{"line":138,"column":25}},{"start":{"line":131,"column":30},"end":{"line":138,"column":25}}],"line":127},"14":{"loc":{"start":{"line":131,"column":30},"end":{"line":138,"column":25}},"type":"if","locations":[{"start":{"line":131,"column":30},"end":{"line":138,"column":25}},{"start":{},"end":{}}],"line":131},"15":{"loc":{"start":{"line":132,"column":28},"end":{"line":136,"column":29}},"type":"if","locations":[{"start":{"line":132,"column":28},"end":{"line":136,"column":29}},{"start":{},"end":{}}],"line":132},"16":{"loc":{"start":{"line":141,"column":24},"end":{"line":150,"column":25}},"type":"if","locations":[{"start":{"line":141,"column":24},"end":{"line":150,"column":25}},{"start":{"line":144,"column":30},"end":{"line":150,"column":25}}],"line":141},"17":{"loc":{"start":{"line":144,"column":30},"end":{"line":150,"column":25}},"type":"if","locations":[{"start":{"line":144,"column":30},"end":{"line":150,"column":25}},{"start":{},"end":{}}],"line":144},"18":{"loc":{"start":{"line":145,"column":28},"end":{"line":148,"column":29}},"type":"if","locations":[{"start":{"line":145,"column":28},"end":{"line":148,"column":29}},{"start":{},"end":{}}],"line":145},"19":{"loc":{"start":{"line":151,"column":24},"end":{"line":160,"column":25}},"type":"if","locations":[{"start":{"line":151,"column":24},"end":{"line":160,"column":25}},{"start":{"line":154,"column":30},"end":{"line":160,"column":25}}],"line":151},"20":{"loc":{"start":{"line":154,"column":30},"end":{"line":160,"column":25}},"type":"if","locations":[{"start":{"line":154,"column":30},"end":{"line":160,"column":25}},{"start":{},"end":{}}],"line":154},"21":{"loc":{"start":{"line":155,"column":28},"end":{"line":158,"column":29}},"type":"if","locations":[{"start":{"line":155,"column":28},"end":{"line":158,"column":29}},{"start":{},"end":{}}],"line":155},"22":{"loc":{"start":{"line":165,"column":18},"end":{"line":229,"column":13}},"type":"if","locations":[{"start":{"line":165,"column":18},"end":{"line":229,"column":13}},{"start":{},"end":{}}],"line":165},"23":{"loc":{"start":{"line":166,"column":16},"end":{"line":228,"column":17}},"type":"switch","locations":[{"start":{"line":167,"column":20},"end":{"line":182,"column":29}},{"start":{"line":183,"column":20},"end":{"line":198,"column":29}},{"start":{"line":199,"column":20},"end":{"line":227,"column":69}}],"line":166},"24":{"loc":{"start":{"line":169,"column":24},"end":{"line":181,"column":25}},"type":"if","locations":[{"start":{"line":169,"column":24},"end":{"line":181,"column":25}},{"start":{"line":173,"column":30},"end":{"line":181,"column":25}}],"line":169},"25":{"loc":{"start":{"line":173,"column":30},"end":{"line":181,"column":25}},"type":"if","locations":[{"start":{"line":173,"column":30},"end":{"line":181,"column":25}},{"start":{},"end":{}}],"line":173},"26":{"loc":{"start":{"line":175,"column":28},"end":{"line":179,"column":29}},"type":"if","locations":[{"start":{"line":175,"column":28},"end":{"line":179,"column":29}},{"start":{},"end":{}}],"line":175},"27":{"loc":{"start":{"line":185,"column":24},"end":{"line":197,"column":25}},"type":"if","locations":[{"start":{"line":185,"column":24},"end":{"line":197,"column":25}},{"start":{"line":189,"column":30},"end":{"line":197,"column":25}}],"line":185},"28":{"loc":{"start":{"line":189,"column":30},"end":{"line":197,"column":25}},"type":"if","locations":[{"start":{"line":189,"column":30},"end":{"line":197,"column":25}},{"start":{},"end":{}}],"line":189},"29":{"loc":{"start":{"line":191,"column":28},"end":{"line":195,"column":29}},"type":"if","locations":[{"start":{"line":191,"column":28},"end":{"line":195,"column":29}},{"start":{},"end":{}}],"line":191},"30":{"loc":{"start":{"line":200,"column":24},"end":{"line":212,"column":25}},"type":"if","locations":[{"start":{"line":200,"column":24},"end":{"line":212,"column":25}},{"start":{"line":204,"column":31},"end":{"line":212,"column":25}}],"line":200},"31":{"loc":{"start":{"line":204,"column":31},"end":{"line":212,"column":25}},"type":"if","locations":[{"start":{"line":204,"column":31},"end":{"line":212,"column":25}},{"start":{},"end":{}}],"line":204},"32":{"loc":{"start":{"line":206,"column":28},"end":{"line":209,"column":29}},"type":"if","locations":[{"start":{"line":206,"column":28},"end":{"line":209,"column":29}},{"start":{},"end":{}}],"line":206},"33":{"loc":{"start":{"line":214,"column":24},"end":{"line":225,"column":25}},"type":"if","locations":[{"start":{"line":214,"column":24},"end":{"line":225,"column":25}},{"start":{"line":218,"column":30},"end":{"line":225,"column":25}}],"line":214},"34":{"loc":{"start":{"line":218,"column":30},"end":{"line":225,"column":25}},"type":"if","locations":[{"start":{"line":218,"column":30},"end":{"line":225,"column":25}},{"start":{},"end":{}}],"line":218},"35":{"loc":{"start":{"line":220,"column":28},"end":{"line":223,"column":29}},"type":"if","locations":[{"start":{"line":220,"column":28},"end":{"line":223,"column":29}},{"start":{},"end":{}}],"line":220},"36":{"loc":{"start":{"line":232,"column":8},"end":{"line":234,"column":9}},"type":"if","locations":[{"start":{"line":232,"column":8},"end":{"line":234,"column":9}},{"start":{},"end":{}}],"line":232},"37":{"loc":{"start":{"line":239,"column":8},"end":{"line":243,"column":5}},"type":"if","locations":[{"start":{"line":239,"column":8},"end":{"line":243,"column":5}},{"start":{},"end":{}}],"line":239},"38":{"loc":{"start":{"line":239,"column":11},"end":{"line":239,"column":156}},"type":"binary-expr","locations":[{"start":{"line":239,"column":12},"end":{"line":239,"column":80}},{"start":{"line":239,"column":86},"end":{"line":239,"column":155}}],"line":239},"39":{"loc":{"start":{"line":240,"column":12},"end":{"line":242,"column":9}},"type":"if","locations":[{"start":{"line":240,"column":12},"end":{"line":242,"column":9}},{"start":{},"end":{}}],"line":240},"40":{"loc":{"start":{"line":246,"column":8},"end":{"line":250,"column":5}},"type":"if","locations":[{"start":{"line":246,"column":8},"end":{"line":250,"column":5}},{"start":{},"end":{}}],"line":246},"41":{"loc":{"start":{"line":246,"column":11},"end":{"line":246,"column":156}},"type":"binary-expr","locations":[{"start":{"line":246,"column":12},"end":{"line":246,"column":80}},{"start":{"line":246,"column":86},"end":{"line":246,"column":155}}],"line":246},"42":{"loc":{"start":{"line":247,"column":12},"end":{"line":249,"column":9}},"type":"if","locations":[{"start":{"line":247,"column":12},"end":{"line":249,"column":9}},{"start":{},"end":{}}],"line":247},"43":{"loc":{"start":{"line":253,"column":8},"end":{"line":261,"column":5}},"type":"if","locations":[{"start":{"line":253,"column":8},"end":{"line":261,"column":5}},{"start":{},"end":{}}],"line":253},"44":{"loc":{"start":{"line":255,"column":12},"end":{"line":259,"column":9}},"type":"if","locations":[{"start":{"line":255,"column":12},"end":{"line":259,"column":9}},{"start":{},"end":{}}],"line":255},"45":{"loc":{"start":{"line":255,"column":15},"end":{"line":255,"column":160}},"type":"binary-expr","locations":[{"start":{"line":255,"column":16},"end":{"line":255,"column":84}},{"start":{"line":255,"column":90},"end":{"line":255,"column":159}}],"line":255},"46":{"loc":{"start":{"line":256,"column":16},"end":{"line":258,"column":13}},"type":"if","locations":[{"start":{"line":256,"column":16},"end":{"line":258,"column":13}},{"start":{},"end":{}}],"line":256},"47":{"loc":{"start":{"line":264,"column":8},"end":{"line":274,"column":9}},"type":"if","locations":[{"start":{"line":264,"column":8},"end":{"line":274,"column":9}},{"start":{},"end":{}}],"line":264},"48":{"loc":{"start":{"line":265,"column":12},"end":{"line":273,"column":13}},"type":"if","locations":[{"start":{"line":265,"column":12},"end":{"line":273,"column":13}},{"start":{},"end":{}}],"line":265},"49":{"loc":{"start":{"line":265,"column":15},"end":{"line":265,"column":160}},"type":"binary-expr","locations":[{"start":{"line":265,"column":16},"end":{"line":265,"column":84}},{"start":{"line":265,"column":90},"end":{"line":265,"column":159}}],"line":265},"50":{"loc":{"start":{"line":266,"column":16},"end":{"line":271,"column":17}},"type":"if","locations":[{"start":{"line":266,"column":16},"end":{"line":271,"column":17}},{"start":{"line":269,"column":20},"end":{"line":271,"column":17}}],"line":266},"51":{"loc":{"start":{"line":279,"column":8},"end":{"line":284,"column":9}},"type":"if","locations":[{"start":{"line":279,"column":8},"end":{"line":284,"column":9}},{"start":{"line":282,"column":12},"end":{"line":284,"column":9}}],"line":279},"52":{"loc":{"start":{"line":279,"column":12},"end":{"line":279,"column":108}},"type":"binary-expr","locations":[{"start":{"line":279,"column":12},"end":{"line":279,"column":32}},{"start":{"line":279,"column":36},"end":{"line":279,"column":58}},{"start":{"line":279,"column":62},"end":{"line":279,"column":83}},{"start":{"line":279,"column":87},"end":{"line":279,"column":108}}],"line":279},"53":{"loc":{"start":{"line":309,"column":8},"end":{"line":381,"column":9}},"type":"if","locations":[{"start":{"line":309,"column":8},"end":{"line":381,"column":9}},{"start":{},"end":{}}],"line":309},"54":{"loc":{"start":{"line":319,"column":20},"end":{"line":377,"column":21}},"type":"if","locations":[{"start":{"line":319,"column":20},"end":{"line":377,"column":21}},{"start":{"line":347,"column":25},"end":{"line":377,"column":21}}],"line":319},"55":{"loc":{"start":{"line":321,"column":24},"end":{"line":334,"column":25}},"type":"if","locations":[{"start":{"line":321,"column":24},"end":{"line":334,"column":25}},{"start":{},"end":{}}],"line":321},"56":{"loc":{"start":{"line":349,"column":24},"end":{"line":364,"column":25}},"type":"if","locations":[{"start":{"line":349,"column":24},"end":{"line":364,"column":25}},{"start":{},"end":{}}],"line":349},"57":{"loc":{"start":{"line":389,"column":12},"end":{"line":393,"column":13}},"type":"if","locations":[{"start":{"line":389,"column":12},"end":{"line":393,"column":13}},{"start":{"line":391,"column":19},"end":{"line":393,"column":13}}],"line":389},"58":{"loc":{"start":{"line":391,"column":19},"end":{"line":393,"column":13}},"type":"if","locations":[{"start":{"line":391,"column":19},"end":{"line":393,"column":13}},{"start":{},"end":{}}],"line":391},"59":{"loc":{"start":{"line":411,"column":12},"end":{"line":415,"column":13}},"type":"if","locations":[{"start":{"line":411,"column":12},"end":{"line":415,"column":13}},{"start":{"line":413,"column":17},"end":{"line":415,"column":13}}],"line":411}},"s":{"0":10,"1":10,"2":10,"3":10,"4":10,"5":10,"6":10,"7":10,"8":10,"9":10,"10":10,"11":5,"12":5,"13":5,"14":0,"15":0,"16":0,"17":0,"18":0,"19":0,"20":0,"21":0,"22":0,"23":0,"24":10,"25":5,"26":5,"27":5,"28":5,"29":5,"30":0,"31":0,"32":0,"33":0,"34":0,"35":0,"36":5,"37":5,"38":5,"39":10,"40":10,"41":10,"42":10,"43":0,"44":0,"45":0,"46":0,"47":0,"48":0,"49":0,"50":0,"51":0,"52":10,"53":5,"54":0,"55":0,"56":0,"57":0,"58":0,"59":0,"60":0,"61":0,"62":0,"63":0,"64":0,"65":0,"66":0,"67":0,"68":0,"69":0,"70":0,"71":0,"72":0,"73":0,"74":0,"75":0,"76":0,"77":0,"78":0,"79":0,"80":0,"81":0,"82":0,"83":0,"84":0,"85":0,"86":0,"87":0,"88":0,"89":0,"90":0,"91":0,"92":0,"93":0,"94":0,"95":0,"96":0,"97":0,"98":0,"99":0,"100":0,"101":0,"102":0,"103":0,"104":0,"105":0,"106":0,"107":0,"108":0,"109":0,"110":0,"111":0,"112":0,"113":0,"114":0,"115":0,"116":0,"117":0,"118":0,"119":0,"120":0,"121":0,"122":0,"123":0,"124":0,"125":0,"126":0,"127":0,"128":0,"129":0,"130":0,"131":0,"132":0,"133":0,"134":0,"135":0,"136":0,"137":0,"138":0,"139":0,"140":0,"141":5,"142":0,"143":10,"144":0,"145":0,"146":0,"147":10,"148":0,"149":0,"150":0,"151":10,"152":0,"153":0,"154":0,"155":0,"156":0,"157":10,"158":0,"159":0,"160":0,"161":0,"162":0,"163":10,"164":0,"165":0,"166":0,"167":10,"168":0,"169":0,"170":10,"171":0,"172":0,"173":0,"174":0,"175":0,"176":0,"177":0,"178":0,"179":0,"180":0,"181":0,"182":0,"183":0,"184":0,"185":0,"186":0,"187":0,"188":0,"189":0,"190":0,"191":0,"192":0,"193":0,"194":0,"195":0,"196":0,"197":0,"198":0,"199":0,"200":0,"201":0,"202":0,"203":0,"204":0,"205":0,"206":0,"207":0,"208":0,"209":0,"210":0,"211":0,"212":0,"213":0,"214":0,"215":0,"216":10,"217":0,"218":0,"219":0,"220":0,"221":0,"222":0,"223":10,"224":0,"225":10,"226":0,"227":0,"228":10,"229":10,"230":10,"231":0,"232":0,"233":0,"234":0,"235":10,"236":10},"f":{"0":10,"1":5,"2":0,"3":0,"4":0,"5":5,"6":5,"7":0,"8":0,"9":5,"10":0,"11":0,"12":0,"13":0,"14":0,"15":0,"16":0,"17":0,"18":0,"19":0,"20":0,"21":0,"22":0,"23":0,"24":10,"25":0},"b":{"0":[0,0],"1":[0,5],"2":[0,0],"3":[0,0],"4":[0,0],"5":[0,0,0],"6":[0,0],"7":[0,0,0],"8":[0,0],"9":[0,0,0],"10":[0,0],"11":[0,0],"12":[0,0],"13":[0,0],"14":[0,0],"15":[0,0],"16":[0,0],"17":[0,0],"18":[0,0],"19":[0,0],"20":[0,0],"21":[0,0],"22":[0,0],"23":[0,0,0],"24":[0,0],"25":[0,0],"26":[0,0],"27":[0,0],"28":[0,0],"29":[0,0],"30":[0,0],"31":[0,0],"32":[0,0],"33":[0,0],"34":[0,0],"35":[0,0],"36":[0,5],"37":[0,0],"38":[0,0],"39":[0,0],"40":[0,0],"41":[0,0],"42":[0,0],"43":[0,0],"44":[0,0],"45":[0,0],"46":[0,0],"47":[0,0],"48":[0,0],"49":[0,0],"50":[0,0],"51":[0,0],"52":[0,0,0,0],"53":[0,0],"54":[0,0],"55":[0,0],"56":[0,0],"57":[0,0],"58":[0,0],"59":[0,0]},"_coverageSchema":"1a1c01bbd47fc00a2c39e90264f33305004495a9","hash":"4a07ab9d7878d7130fc32c9e57c0714dcb12d5b1"}
,"/Users/golnar/Desktop/Nintino/chippers/src/Components/Gameboard/index.jsx": {"path":"/Users/golnar/Desktop/Nintino/chippers/src/Components/Gameboard/index.jsx","statementMap":{"0":{"start":{"line":12,"column":11},"end":{"line":12,"column":51}},"1":{"start":{"line":13,"column":11},"end":{"line":13,"column":51}},"2":{"start":{"line":14,"column":18},"end":{"line":14,"column":50}},"3":{"start":{"line":16,"column":0},"end":{"line":20,"column":1}},"4":{"start":{"line":16,"column":10},"end":{"line":16,"column":11}},"5":{"start":{"line":17,"column":4},"end":{"line":19,"column":5}},"6":{"start":{"line":17,"column":14},"end":{"line":17,"column":15}},"7":{"start":{"line":18,"column":8},"end":{"line":18,"column":45}},"8":{"start":{"line":26,"column":25},"end":{"line":60,"column":5}},"9":{"start":{"line":27,"column":8},"end":{"line":58,"column":9}},"10":{"start":{"line":28,"column":12},"end":{"line":42,"column":13}},"11":{"start":{"line":30,"column":16},"end":{"line":40,"column":17}},"12":{"start":{"line":31,"column":20},"end":{"line":31,"column":107}},"13":{"start":{"line":33,"column":20},"end":{"line":39,"column":21}},"14":{"start":{"line":34,"column":24},"end":{"line":34,"column":105}},"15":{"start":{"line":35,"column":26},"end":{"line":39,"column":21}},"16":{"start":{"line":36,"column":24},"end":{"line":36,"column":107}},"17":{"start":{"line":38,"column":24},"end":{"line":38,"column":110}},"18":{"start":{"line":44,"column":12},"end":{"line":57,"column":14}},"19":{"start":{"line":45,"column":16},"end":{"line":56,"column":17}},"20":{"start":{"line":47,"column":20},"end":{"line":47,"column":108}},"21":{"start":{"line":49,"column":20},"end":{"line":55,"column":21}},"22":{"start":{"line":50,"column":24},"end":{"line":50,"column":105}},"23":{"start":{"line":51,"column":26},"end":{"line":55,"column":21}},"24":{"start":{"line":52,"column":24},"end":{"line":52,"column":107}},"25":{"start":{"line":54,"column":24},"end":{"line":54,"column":110}},"26":{"start":{"line":62,"column":4},"end":{"line":97,"column":5}}},"fnMap":{"0":{"name":"Gameboard","decl":{"start":{"line":23,"column":16},"end":{"line":23,"column":25}},"loc":{"start":{"line":23,"column":50},"end":{"line":98,"column":1}},"line":23},"1":{"name":"(anonymous_1)","decl":{"start":{"line":26,"column":25},"end":{"line":26,"column":26}},"loc":{"start":{"line":26,"column":30},"end":{"line":60,"column":5}},"line":26},"2":{"name":"(anonymous_2)","decl":{"start":{"line":28,"column":38},"end":{"line":28,"column":39}},"loc":{"start":{"line":28,"column":48},"end":{"line":41,"column":17}},"line":28},"3":{"name":"(anonymous_3)","decl":{"start":{"line":44,"column":38},"end":{"line":44,"column":39}},"loc":{"start":{"line":44,"column":48},"end":{"line":57,"column":13}},"line":44}},"branchMap":{"0":{"loc":{"start":{"line":27,"column":8},"end":{"line":58,"column":9}},"type":"if","locations":[{"start":{"line":27,"column":8},"end":{"line":58,"column":9}},{"start":{"line":43,"column":15},"end":{"line":58,"column":9}}],"line":27},"1":{"loc":{"start":{"line":30,"column":16},"end":{"line":40,"column":17}},"type":"if","locations":[{"start":{"line":30,"column":16},"end":{"line":40,"column":17}},{"start":{"line":32,"column":23},"end":{"line":40,"column":17}}],"line":30},"2":{"loc":{"start":{"line":30,"column":19},"end":{"line":30,"column":75}},"type":"binary-expr","locations":[{"start":{"line":30,"column":19},"end":{"line":30,"column":30}},{"start":{"line":30,"column":34},"end":{"line":30,"column":45}},{"start":{"line":30,"column":49},"end":{"line":30,"column":60}},{"start":{"line":30,"column":64},"end":{"line":30,"column":75}}],"line":30},"3":{"loc":{"start":{"line":33,"column":20},"end":{"line":39,"column":21}},"type":"if","locations":[{"start":{"line":33,"column":20},"end":{"line":39,"column":21}},{"start":{"line":35,"column":26},"end":{"line":39,"column":21}}],"line":33},"4":{"loc":{"start":{"line":35,"column":26},"end":{"line":39,"column":21}},"type":"if","locations":[{"start":{"line":35,"column":26},"end":{"line":39,"column":21}},{"start":{"line":37,"column":25},"end":{"line":39,"column":21}}],"line":35},"5":{"loc":{"start":{"line":45,"column":16},"end":{"line":56,"column":17}},"type":"if","locations":[{"start":{"line":45,"column":16},"end":{"line":56,"column":17}},{"start":{"line":48,"column":23},"end":{"line":56,"column":17}}],"line":45},"6":{"loc":{"start":{"line":45,"column":19},"end":{"line":45,"column":75}},"type":"binary-expr","locations":[{"start":{"line":45,"column":19},"end":{"line":45,"column":30}},{"start":{"line":45,"column":34},"end":{"line":45,"column":45}},{"start":{"line":45,"column":49},"end":{"line":45,"column":60}},{"start":{"line":45,"column":64},"end":{"line":45,"column":75}}],"line":45},"7":{"loc":{"start":{"line":49,"column":20},"end":{"line":55,"column":21}},"type":"if","locations":[{"start":{"line":49,"column":20},"end":{"line":55,"column":21}},{"start":{"line":51,"column":26},"end":{"line":55,"column":21}}],"line":49},"8":{"loc":{"start":{"line":51,"column":26},"end":{"line":55,"column":21}},"type":"if","locations":[{"start":{"line":51,"column":26},"end":{"line":55,"column":21}},{"start":{"line":53,"column":25},"end":{"line":55,"column":21}}],"line":51}},"s":{"0":3,"1":3,"2":3,"3":3,"4":3,"5":24,"6":24,"7":192,"8":10,"9":80,"10":40,"11":320,"12":160,"13":160,"14":40,"15":120,"16":20,"17":100,"18":40,"19":320,"20":160,"21":160,"22":20,"23":140,"24":40,"25":100,"26":10},"f":{"0":10,"1":80,"2":320,"3":320},"b":{"0":[40,40],"1":[160,160],"2":[320,280,240,200],"3":[40,120],"4":[20,100],"5":[160,160],"6":[320,280,240,200],"7":[20,140],"8":[40,100]},"_coverageSchema":"1a1c01bbd47fc00a2c39e90264f33305004495a9","hash":"5b263400ead3dca82c370059144ae9bfc90e4ca9"}
,"/Users/golnar/Desktop/Nintino/chippers/src/Components/LoginButton/index.jsx": {"path":"/Users/golnar/Desktop/Nintino/chippers/src/Components/LoginButton/index.jsx","statementMap":{"0":{"start":{"line":4,"column":4},"end":{"line":9,"column":5}}},"fnMap":{"0":{"name":"LoginButton","decl":{"start":{"line":3,"column":16},"end":{"line":3,"column":27}},"loc":{"start":{"line":3,"column":30},"end":{"line":10,"column":1}},"line":3}},"branchMap":{},"s":{"0":1},"f":{"0":1},"b":{},"_coverageSchema":"1a1c01bbd47fc00a2c39e90264f33305004495a9","hash":"e4d60f9049c38f175f354546e675b486e0e7b8a9"}
,"/Users/golnar/Desktop/Nintino/chippers/src/Components/Logo/index.jsx": {"path":"/Users/golnar/Desktop/Nintino/chippers/src/Components/Logo/index.jsx","statementMap":{"0":{"start":{"line":4,"column":4},"end":{"line":8,"column":5}}},"fnMap":{"0":{"name":"Logo","decl":{"start":{"line":3,"column":16},"end":{"line":3,"column":20}},"loc":{"start":{"line":3,"column":23},"end":{"line":9,"column":1}},"line":3}},"branchMap":{},"s":{"0":2},"f":{"0":2},"b":{},"_coverageSchema":"1a1c01bbd47fc00a2c39e90264f33305004495a9","hash":"89475e2bb6101ba58ace286e16e640c29b9ec65b"}
,"/Users/golnar/Desktop/Nintino/chippers/src/Components/RedPiece/index.jsx": {"path":"/Users/golnar/Desktop/Nintino/chippers/src/Components/RedPiece/index.jsx","statementMap":{"0":{"start":{"line":5,"column":19},"end":{"line":5,"column":29}},"1":{"start":{"line":6,"column":22},"end":{"line":6,"column":36}},"2":{"start":{"line":8,"column":20},"end":{"line":11,"column":5}},"3":{"start":{"line":9,"column":8},"end":{"line":9,"column":23}},"4":{"start":{"line":13,"column":4},"end":{"line":15,"column":5}}},"fnMap":{"0":{"name":"RedPiece","decl":{"start":{"line":4,"column":16},"end":{"line":4,"column":24}},"loc":{"start":{"line":4,"column":56},"end":{"line":17,"column":1}},"line":4},"1":{"name":"(anonymous_1)","decl":{"start":{"line":8,"column":20},"end":{"line":8,"column":21}},"loc":{"start":{"line":8,"column":27},"end":{"line":11,"column":5}},"line":8}},"branchMap":{},"s":{"0":61,"1":61,"2":61,"3":0,"4":61},"f":{"0":61,"1":0},"b":{},"_coverageSchema":"1a1c01bbd47fc00a2c39e90264f33305004495a9","hash":"25d19ab466924c339140d8c574ec6c9ab161bfbe"}
,"/Users/golnar/Desktop/Nintino/chippers/src/Components/SignUpButton/index.jsx": {"path":"/Users/golnar/Desktop/Nintino/chippers/src/Components/SignUpButton/index.jsx","statementMap":{"0":{"start":{"line":4,"column":4},"end":{"line":8,"column":5}}},"fnMap":{"0":{"name":"SignUpButton","decl":{"start":{"line":3,"column":16},"end":{"line":3,"column":28}},"loc":{"start":{"line":3,"column":31},"end":{"line":9,"column":1}},"line":3}},"branchMap":{},"s":{"0":1},"f":{"0":1},"b":{},"_coverageSchema":"1a1c01bbd47fc00a2c39e90264f33305004495a9","hash":"f3e172a09b666769cf63b7576f18b969278a4fea"}
,"/Users/golnar/Desktop/Nintino/chippers/src/Components/Title/index.jsx": {"path":"/Users/golnar/Desktop/Nintino/chippers/src/Components/Title/index.jsx","statementMap":{"0":{"start":{"line":4,"column":4},"end":{"line":8,"column":5}}},"fnMap":{"0":{"name":"Title","decl":{"start":{"line":3,"column":16},"end":{"line":3,"column":21}},"loc":{"start":{"line":3,"column":24},"end":{"line":9,"column":1}},"line":3}},"branchMap":{},"s":{"0":1},"f":{"0":1},"b":{},"_coverageSchema":"1a1c01bbd47fc00a2c39e90264f33305004495a9","hash":"ad188b070482893dadc44e97bb4ea1b9c4e57776"}
,"/Users/golnar/Desktop/Nintino/chippers/src/Layout/index.js": {"path":"/Users/golnar/Desktop/Nintino/chippers/src/Layout/index.js","statementMap":{},"fnMap":{},"branchMap":{},"s":{},"f":{},"b":{},"_coverageSchema":"1a1c01bbd47fc00a2c39e90264f33305004495a9","hash":"b154706f06a5e14331149c28c20d3c2088fb944d"}
,"/Users/golnar/Desktop/Nintino/chippers/src/Layout/Header/index.jsx": {"path":"/Users/golnar/Desktop/Nintino/chippers/src/Layout/Header/index.jsx","statementMap":{"0":{"start":{"line":11,"column":36},"end":{"line":11,"column":51}},"1":{"start":{"line":12,"column":18},"end":{"line":12,"column":30}},"2":{"start":{"line":15,"column":4},"end":{"line":28,"column":5}},"3":{"start":{"line":16,"column":8},"end":{"line":27,"column":18}},"4":{"start":{"line":19,"column":67},"end":{"line":19,"column":85}},"5":{"start":{"line":22,"column":45},"end":{"line":22,"column":62}},"6":{"start":{"line":23,"column":45},"end":{"line":23,"column":68}},"7":{"start":{"line":32,"column":4},"end":{"line":43,"column":5}},"8":{"start":{"line":36,"column":62},"end":{"line":36,"column":79}}},"fnMap":{"0":{"name":"Header","decl":{"start":{"line":10,"column":16},"end":{"line":10,"column":22}},"loc":{"start":{"line":10,"column":25},"end":{"line":44,"column":1}},"line":10},"1":{"name":"(anonymous_1)","decl":{"start":{"line":19,"column":61},"end":{"line":19,"column":62}},"loc":{"start":{"line":19,"column":67},"end":{"line":19,"column":85}},"line":19},"2":{"name":"(anonymous_2)","decl":{"start":{"line":22,"column":41},"end":{"line":22,"column":42}},"loc":{"start":{"line":22,"column":45},"end":{"line":22,"column":62}},"line":22},"3":{"name":"(anonymous_3)","decl":{"start":{"line":23,"column":41},"end":{"line":23,"column":42}},"loc":{"start":{"line":23,"column":45},"end":{"line":23,"column":68}},"line":23},"4":{"name":"(anonymous_4)","decl":{"start":{"line":36,"column":56},"end":{"line":36,"column":57}},"loc":{"start":{"line":36,"column":62},"end":{"line":36,"column":79}},"line":36}},"branchMap":{"0":{"loc":{"start":{"line":15,"column":4},"end":{"line":28,"column":5}},"type":"if","locations":[{"start":{"line":15,"column":4},"end":{"line":28,"column":5}},{"start":{},"end":{}}],"line":15}},"s":{"0":2,"1":1,"2":1,"3":0,"4":0,"5":0,"6":0,"7":1,"8":0},"f":{"0":2,"1":0,"2":0,"3":0,"4":0},"b":{"0":[0,1]},"_coverageSchema":"1a1c01bbd47fc00a2c39e90264f33305004495a9","hash":"278eabfa9aae07af6022eca86c0744c857636d27"}
,"/Users/golnar/Desktop/Nintino/chippers/src/Pages/ChippersPage/index.jsx": {"path":"/Users/golnar/Desktop/Nintino/chippers/src/Pages/ChippersPage/index.jsx","statementMap":{"0":{"start":{"line":6,"column":4},"end":{"line":11,"column":5}}},"fnMap":{"0":{"name":"ChippersPage","decl":{"start":{"line":5,"column":16},"end":{"line":5,"column":28}},"loc":{"start":{"line":5,"column":31},"end":{"line":12,"column":1}},"line":5}},"branchMap":{},"s":{"0":1},"f":{"0":1},"b":{},"_coverageSchema":"1a1c01bbd47fc00a2c39e90264f33305004495a9","hash":"c1ded82f8f44f44a998b8d293824923762f54c91"}
,"/Users/golnar/Desktop/Nintino/chippers/src/Pages/Homepage/index.jsx": {"path":"/Users/golnar/Desktop/Nintino/chippers/src/Pages/Homepage/index.jsx","statementMap":{"0":{"start":{"line":8,"column":18},"end":{"line":8,"column":30}},"1":{"start":{"line":9,"column":32},"end":{"line":9,"column":44}},"2":{"start":{"line":10,"column":38},"end":{"line":10,"column":50}},"3":{"start":{"line":11,"column":34},"end":{"line":11,"column":46}},"4":{"start":{"line":12,"column":24},"end":{"line":14,"column":5}},"5":{"start":{"line":13,"column":8},"end":{"line":13,"column":33}},"6":{"start":{"line":16,"column":4},"end":{"line":19,"column":9}},"7":{"start":{"line":17,"column":8},"end":{"line":17,"column":35}},"8":{"start":{"line":18,"column":8},"end":{"line":18,"column":25}},"9":{"start":{"line":21,"column":25},"end":{"line":61,"column":5}},"10":{"start":{"line":22,"column":8},"end":{"line":22,"column":26}},"11":{"start":{"line":23,"column":24},"end":{"line":23,"column":82}},"12":{"start":{"line":24,"column":19},"end":{"line":24,"column":25}},"13":{"start":{"line":25,"column":8},"end":{"line":25,"column":46}},"14":{"start":{"line":26,"column":8},"end":{"line":26,"column":29}},"15":{"start":{"line":27,"column":8},"end":{"line":60,"column":9}},"16":{"start":{"line":28,"column":12},"end":{"line":40,"column":14}},"17":{"start":{"line":29,"column":16},"end":{"line":39,"column":17}},"18":{"start":{"line":30,"column":20},"end":{"line":30,"column":49}},"19":{"start":{"line":31,"column":20},"end":{"line":33,"column":27}},"20":{"start":{"line":32,"column":24},"end":{"line":32,"column":46}},"21":{"start":{"line":35,"column":20},"end":{"line":35,"column":57}},"22":{"start":{"line":36,"column":20},"end":{"line":38,"column":29}},"23":{"start":{"line":37,"column":24},"end":{"line":37,"column":38}},"24":{"start":{"line":42,"column":12},"end":{"line":57,"column":14}},"25":{"start":{"line":43,"column":16},"end":{"line":43,"column":33}},"26":{"start":{"line":44,"column":16},"end":{"line":56,"column":17}},"27":{"start":{"line":45,"column":20},"end":{"line":45,"column":58}},"28":{"start":{"line":46,"column":20},"end":{"line":48,"column":29}},"29":{"start":{"line":47,"column":24},"end":{"line":47,"column":38}},"30":{"start":{"line":50,"column":20},"end":{"line":50,"column":51}},"31":{"start":{"line":51,"column":20},"end":{"line":55,"column":22}},"32":{"start":{"line":52,"column":24},"end":{"line":54,"column":25}},"33":{"start":{"line":53,"column":28},"end":{"line":53,"column":50}},"34":{"start":{"line":63,"column":4},"end":{"line":81,"column":5}},"35":{"start":{"line":75,"column":43},"end":{"line":75,"column":71}},"36":{"start":{"line":76,"column":43},"end":{"line":76,"column":71}}},"fnMap":{"0":{"name":"Homepage","decl":{"start":{"line":6,"column":16},"end":{"line":6,"column":24}},"loc":{"start":{"line":6,"column":27},"end":{"line":82,"column":1}},"line":6},"1":{"name":"(anonymous_1)","decl":{"start":{"line":12,"column":24},"end":{"line":12,"column":25}},"loc":{"start":{"line":12,"column":28},"end":{"line":14,"column":5}},"line":12},"2":{"name":"(anonymous_2)","decl":{"start":{"line":16,"column":14},"end":{"line":16,"column":15}},"loc":{"start":{"line":16,"column":18},"end":{"line":19,"column":5}},"line":16},"3":{"name":"(anonymous_3)","decl":{"start":{"line":21,"column":25},"end":{"line":21,"column":26}},"loc":{"start":{"line":21,"column":31},"end":{"line":61,"column":5}},"line":21},"4":{"name":"(anonymous_4)","decl":{"start":{"line":28,"column":44},"end":{"line":28,"column":45}},"loc":{"start":{"line":28,"column":51},"end":{"line":40,"column":13}},"line":28},"5":{"name":"(anonymous_5)","decl":{"start":{"line":31,"column":31},"end":{"line":31,"column":32}},"loc":{"start":{"line":31,"column":35},"end":{"line":33,"column":21}},"line":31},"6":{"name":"(anonymous_6)","decl":{"start":{"line":36,"column":31},"end":{"line":36,"column":32}},"loc":{"start":{"line":36,"column":37},"end":{"line":38,"column":21}},"line":36},"7":{"name":"(anonymous_7)","decl":{"start":{"line":42,"column":44},"end":{"line":42,"column":45}},"loc":{"start":{"line":42,"column":53},"end":{"line":57,"column":13}},"line":42},"8":{"name":"(anonymous_8)","decl":{"start":{"line":46,"column":31},"end":{"line":46,"column":32}},"loc":{"start":{"line":46,"column":37},"end":{"line":48,"column":21}},"line":46},"9":{"name":"(anonymous_9)","decl":{"start":{"line":51,"column":47},"end":{"line":51,"column":48}},"loc":{"start":{"line":51,"column":54},"end":{"line":55,"column":21}},"line":51},"10":{"name":"(anonymous_10)","decl":{"start":{"line":75,"column":36},"end":{"line":75,"column":37}},"loc":{"start":{"line":75,"column":43},"end":{"line":75,"column":71}},"line":75},"11":{"name":"(anonymous_11)","decl":{"start":{"line":76,"column":36},"end":{"line":76,"column":37}},"loc":{"start":{"line":76,"column":43},"end":{"line":76,"column":71}},"line":76}},"branchMap":{"0":{"loc":{"start":{"line":27,"column":8},"end":{"line":60,"column":9}},"type":"if","locations":[{"start":{"line":27,"column":8},"end":{"line":60,"column":9}},{"start":{"line":41,"column":16},"end":{"line":60,"column":9}}],"line":27},"1":{"loc":{"start":{"line":29,"column":16},"end":{"line":39,"column":17}},"type":"if","locations":[{"start":{"line":29,"column":16},"end":{"line":39,"column":17}},{"start":{"line":34,"column":23},"end":{"line":39,"column":17}}],"line":29},"2":{"loc":{"start":{"line":44,"column":16},"end":{"line":56,"column":17}},"type":"if","locations":[{"start":{"line":44,"column":16},"end":{"line":56,"column":17}},{"start":{"line":49,"column":23},"end":{"line":56,"column":17}}],"line":44},"3":{"loc":{"start":{"line":52,"column":24},"end":{"line":54,"column":25}},"type":"if","locations":[{"start":{"line":52,"column":24},"end":{"line":54,"column":25}},{"start":{},"end":{}}],"line":52}},"s":{"0":2,"1":1,"2":1,"3":1,"4":1,"5":0,"6":1,"7":0,"8":0,"9":1,"10":0,"11":0,"12":0,"13":0,"14":0,"15":0,"16":0,"17":0,"18":0,"19":0,"20":0,"21":0,"22":0,"23":0,"24":0,"25":0,"26":0,"27":0,"28":0,"29":0,"30":0,"31":0,"32":0,"33":0,"34":1,"35":0,"36":0},"f":{"0":2,"1":0,"2":0,"3":0,"4":0,"5":0,"6":0,"7":0,"8":0,"9":0,"10":0,"11":0},"b":{"0":[0,0],"1":[0,0],"2":[0,0],"3":[0,0]},"_coverageSchema":"1a1c01bbd47fc00a2c39e90264f33305004495a9","hash":"231f5c17d044a193e6ee4913bf357aa6b524f655"}
,"/Users/golnar/Desktop/Nintino/chippers/src/Pages/Lobby/index.jsx": {"path":"/Users/golnar/Desktop/Nintino/chippers/src/Pages/Lobby/index.jsx","statementMap":{"0":{"start":{"line":5,"column":19},"end":{"line":30,"column":1}},"1":{"start":{"line":6,"column":18},"end":{"line":6,"column":30}},"2":{"start":{"line":7,"column":21},"end":{"line":7,"column":79}},"3":{"start":{"line":9,"column":19},"end":{"line":9,"column":51}},"4":{"start":{"line":11,"column":4},"end":{"line":19,"column":9}},"5":{"start":{"line":12,"column":8},"end":{"line":18,"column":9}},"6":{"start":{"line":13,"column":12},"end":{"line":13,"column":29}},"7":{"start":{"line":15,"column":12},"end":{"line":17,"column":14}},"8":{"start":{"line":21,"column":4},"end":{"line":24,"column":6}},"9":{"start":{"line":22,"column":8},"end":{"line":22,"column":36}},"10":{"start":{"line":23,"column":8},"end":{"line":23,"column":33}},"11":{"start":{"line":26,"column":4},"end":{"line":28,"column":5}}},"fnMap":{"0":{"name":"(anonymous_0)","decl":{"start":{"line":5,"column":19},"end":{"line":5,"column":20}},"loc":{"start":{"line":5,"column":25},"end":{"line":30,"column":1}},"line":5},"1":{"name":"(anonymous_1)","decl":{"start":{"line":11,"column":14},"end":{"line":11,"column":15}},"loc":{"start":{"line":11,"column":20},"end":{"line":19,"column":5}},"line":11},"2":{"name":"(anonymous_2)","decl":{"start":{"line":15,"column":56},"end":{"line":15,"column":57}},"loc":{"start":{"line":15,"column":65},"end":{"line":17,"column":13}},"line":15},"3":{"name":"(anonymous_3)","decl":{"start":{"line":21,"column":28},"end":{"line":21,"column":29}},"loc":{"start":{"line":21,"column":32},"end":{"line":24,"column":5}},"line":21}},"branchMap":{"0":{"loc":{"start":{"line":12,"column":8},"end":{"line":18,"column":9}},"type":"if","locations":[{"start":{"line":12,"column":8},"end":{"line":18,"column":9}},{"start":{"line":14,"column":14},"end":{"line":18,"column":9}}],"line":12}},"s":{"0":1,"1":3,"2":2,"3":0,"4":0,"5":0,"6":0,"7":0,"8":0,"9":0,"10":0,"11":0},"f":{"0":3,"1":0,"2":0,"3":0},"b":{"0":[0,0]},"_coverageSchema":"1a1c01bbd47fc00a2c39e90264f33305004495a9","hash":"ab5f105fb963b72102d03cd011ed11f88c9285e9"}
,"/Users/golnar/Desktop/Nintino/chippers/src/socket/index.js": {"path":"/Users/golnar/Desktop/Nintino/chippers/src/socket/index.js","statementMap":{"0":{"start":{"line":3,"column":16},"end":{"line":3,"column":39}},"1":{"start":{"line":5,"column":11},"end":{"line":5,"column":38}},"2":{"start":{"line":7,"column":22},"end":{"line":10,"column":2}}},"fnMap":{},"branchMap":{},"s":{"0":4,"1":4,"2":4},"f":{},"b":{},"_coverageSchema":"1a1c01bbd47fc00a2c39e90264f33305004495a9","hash":"811781a8dd298e1f5c9f61949687cb337f2a8f8e"}
}
