TN:
SF:src/Components/index.js
FNF:0
FNH:0
LF:0
LH:0
BRF:0
BRH:0
end_of_record
TN:
SF:src/Components/BluePiece/index.jsx
FN:4,BluePiece
FN:8,(anonymous_1)
FNF:2
FNH:1
FNDA:61,BluePiece
FNDA:0,(anonymous_1)
DA:5,61
DA:6,61
DA:8,61
DA:9,0
DA:13,61
LF:5
LH:4
BRF:0
BRH:0
end_of_record
TN:
SF:src/Components/BoardSquare/index.jsx
FN:4,BoardSquare
FN:9,(anonymous_1)
FNF:2
FNH:1
FNDA:521,BoardSquare
FNDA:0,(anonymous_1)
DA:6,521
DA:7,521
DA:9,521
DA:10,0
DA:14,521
LF:5
LH:4
BRDA:16,0,0,520
BRDA:16,0,1,1
BRF:2
BRH:2
end_of_record
TN:
SF:src/Components/CheckerGame/index.jsx
FN:11,CheckerGame
FN:22,(anonymous_1)
FN:25,(anonymous_2)
FN:29,(anonymous_3)
FN:30,(anonymous_4)
FN:41,(anonymous_5)
FN:42,(anonymous_6)
FN:91,(anonymous_7)
FN:93,(anonymous_8)
FN:104,(anonymous_9)
FN:106,(anonymous_10)
FN:238,(anonymous_11)
FN:245,(anonymous_12)
FN:252,(anonymous_13)
FN:263,(anonymous_14)
FN:278,(anonymous_15)
FN:288,(anonymous_16)
FN:307,(anonymous_17)
FN:315,(anonymous_18)
FN:317,handleClick
FN:386,(anonymous_20)
FN:388,(anonymous_21)
FN:399,(anonymous_22)
FN:403,(anonymous_23)
FN:408,(anonymous_24)
FN:410,(anonymous_25)
FNF:26
FNH:6
FNDA:10,CheckerGame
FNDA:5,(anonymous_1)
FNDA:0,(anonymous_2)
FNDA:0,(anonymous_3)
FNDA:0,(anonymous_4)
FNDA:5,(anonymous_5)
FNDA:5,(anonymous_6)
FNDA:0,(anonymous_7)
FNDA:0,(anonymous_8)
FNDA:5,(anonymous_9)
FNDA:0,(anonymous_10)
FNDA:0,(anonymous_11)
FNDA:0,(anonymous_12)
FNDA:0,(anonymous_13)
FNDA:0,(anonymous_14)
FNDA:0,(anonymous_15)
FNDA:0,(anonymous_16)
FNDA:0,(anonymous_17)
FNDA:0,(anonymous_18)
FNDA:0,handleClick
FNDA:0,(anonymous_20)
FNDA:0,(anonymous_21)
FNDA:0,(anonymous_22)
FNDA:0,(anonymous_23)
FNDA:10,(anonymous_24)
FNDA:0,(anonymous_25)
DA:12,10
DA:13,10
DA:14,10
DA:15,10
DA:16,10
DA:17,10
DA:18,10
DA:19,10
DA:20,10
DA:21,10
DA:22,10
DA:23,5
DA:24,5
DA:25,5
DA:26,0
DA:27,0
DA:28,0
DA:29,0
DA:30,0
DA:31,0
DA:32,0
DA:33,0
DA:41,10
DA:42,5
DA:43,5
DA:44,5
DA:45,5
DA:46,5
DA:48,0
DA:49,0
DA:50,0
DA:51,0
DA:53,0
DA:60,5
DA:62,5
DA:63,5
DA:66,10
DA:69,10
DA:79,10
DA:91,10
DA:93,0
DA:94,0
DA:95,0
DA:96,0
DA:97,0
DA:98,0
DA:99,0
DA:101,0
DA:104,10
DA:106,5
DA:107,0
DA:108,0
DA:109,0
DA:111,0
DA:112,0
DA:113,0
DA:114,0
DA:115,0
DA:116,0
DA:117,0
DA:118,0
DA:119,0
DA:120,0
DA:124,0
DA:126,0
DA:127,0
DA:128,0
DA:129,0
DA:130,0
DA:131,0
DA:132,0
DA:133,0
DA:134,0
DA:135,0
DA:139,0
DA:141,0
DA:142,0
DA:143,0
DA:144,0
DA:145,0
DA:146,0
DA:147,0
DA:151,0
DA:152,0
DA:153,0
DA:154,0
DA:155,0
DA:156,0
DA:157,0
DA:161,0
DA:162,0
DA:165,0
DA:166,0
DA:168,0
DA:169,0
DA:170,0
DA:171,0
DA:172,0
DA:173,0
DA:174,0
DA:175,0
DA:176,0
DA:177,0
DA:178,0
DA:182,0
DA:184,0
DA:185,0
DA:186,0
DA:187,0
DA:188,0
DA:189,0
DA:190,0
DA:191,0
DA:192,0
DA:193,0
DA:194,0
DA:198,0
DA:200,0
DA:201,0
DA:202,0
DA:203,0
DA:204,0
DA:205,0
DA:206,0
DA:207,0
DA:208,0
DA:214,0
DA:215,0
DA:216,0
DA:217,0
DA:218,0
DA:219,0
DA:220,0
DA:221,0
DA:222,0
DA:226,0
DA:227,0
DA:232,5
DA:233,0
DA:238,10
DA:239,0
DA:240,0
DA:241,0
DA:245,10
DA:246,0
DA:247,0
DA:248,0
DA:252,10
DA:253,0
DA:254,0
DA:255,0
DA:256,0
DA:257,0
DA:263,10
DA:264,0
DA:265,0
DA:266,0
DA:267,0
DA:270,0
DA:278,10
DA:279,0
DA:280,0
DA:283,0
DA:288,10
DA:290,0
DA:291,0
DA:307,10
DA:309,0
DA:311,0
DA:312,0
DA:313,0
DA:314,0
DA:315,0
DA:316,0
DA:317,0
DA:318,0
DA:319,0
DA:320,0
DA:321,0
DA:324,0
DA:325,0
DA:326,0
DA:328,0
DA:330,0
DA:331,0
DA:332,0
DA:333,0
DA:337,0
DA:338,0
DA:342,0
DA:343,0
DA:344,0
DA:348,0
DA:349,0
DA:352,0
DA:353,0
DA:354,0
DA:355,0
DA:356,0
DA:357,0
DA:359,0
DA:360,0
DA:361,0
DA:362,0
DA:363,0
DA:372,0
DA:373,0
DA:374,0
DA:375,0
DA:376,0
DA:386,10
DA:387,0
DA:388,0
DA:389,0
DA:390,0
DA:391,0
DA:392,0
DA:399,10
DA:400,0
DA:403,10
DA:404,0
DA:405,0
DA:408,10
DA:409,10
DA:410,10
DA:411,0
DA:412,0
DA:414,0
DA:417,10
DA:421,10
LF:230
LH:45
BRDA:26,0,0,0
BRDA:26,0,1,0
BRDA:46,1,0,0
BRDA:46,1,1,5
BRDA:49,2,0,0
BRDA:49,2,1,0
BRDA:50,3,0,0
BRDA:50,3,1,0
BRDA:96,4,0,0
BRDA:96,4,1,0
BRDA:96,5,0,0
BRDA:96,5,1,0
BRDA:96,5,2,0
BRDA:98,6,0,0
BRDA:98,6,1,0
BRDA:98,7,0,0
BRDA:98,7,1,0
BRDA:98,7,2,0
BRDA:108,8,0,0
BRDA:108,8,1,0
BRDA:109,9,0,0
BRDA:109,9,1,0
BRDA:109,9,2,0
BRDA:112,10,0,0
BRDA:112,10,1,0
BRDA:116,11,0,0
BRDA:116,11,1,0
BRDA:117,12,0,0
BRDA:117,12,1,0
BRDA:127,13,0,0
BRDA:127,13,1,0
BRDA:131,14,0,0
BRDA:131,14,1,0
BRDA:132,15,0,0
BRDA:132,15,1,0
BRDA:141,16,0,0
BRDA:141,16,1,0
BRDA:144,17,0,0
BRDA:144,17,1,0
BRDA:145,18,0,0
BRDA:145,18,1,0
BRDA:151,19,0,0
BRDA:151,19,1,0
BRDA:154,20,0,0
BRDA:154,20,1,0
BRDA:155,21,0,0
BRDA:155,21,1,0
BRDA:165,22,0,0
BRDA:165,22,1,0
BRDA:166,23,0,0
BRDA:166,23,1,0
BRDA:166,23,2,0
BRDA:169,24,0,0
BRDA:169,24,1,0
BRDA:173,25,0,0
BRDA:173,25,1,0
BRDA:175,26,0,0
BRDA:175,26,1,0
BRDA:185,27,0,0
BRDA:185,27,1,0
BRDA:189,28,0,0
BRDA:189,28,1,0
BRDA:191,29,0,0
BRDA:191,29,1,0
BRDA:200,30,0,0
BRDA:200,30,1,0
BRDA:204,31,0,0
BRDA:204,31,1,0
BRDA:206,32,0,0
BRDA:206,32,1,0
BRDA:214,33,0,0
BRDA:214,33,1,0
BRDA:218,34,0,0
BRDA:218,34,1,0
BRDA:220,35,0,0
BRDA:220,35,1,0
BRDA:232,36,0,0
BRDA:232,36,1,5
BRDA:239,37,0,0
BRDA:239,37,1,0
BRDA:239,38,0,0
BRDA:239,38,1,0
BRDA:240,39,0,0
BRDA:240,39,1,0
BRDA:246,40,0,0
BRDA:246,40,1,0
BRDA:246,41,0,0
BRDA:246,41,1,0
BRDA:247,42,0,0
BRDA:247,42,1,0
BRDA:253,43,0,0
BRDA:253,43,1,0
BRDA:255,44,0,0
BRDA:255,44,1,0
BRDA:255,45,0,0
BRDA:255,45,1,0
BRDA:256,46,0,0
BRDA:256,46,1,0
BRDA:264,47,0,0
BRDA:264,47,1,0
BRDA:265,48,0,0
BRDA:265,48,1,0
BRDA:265,49,0,0
BRDA:265,49,1,0
BRDA:266,50,0,0
BRDA:266,50,1,0
BRDA:279,51,0,0
BRDA:279,51,1,0
BRDA:279,52,0,0
BRDA:279,52,1,0
BRDA:279,52,2,0
BRDA:279,52,3,0
BRDA:309,53,0,0
BRDA:309,53,1,0
BRDA:319,54,0,0
BRDA:319,54,1,0
BRDA:321,55,0,0
BRDA:321,55,1,0
BRDA:349,56,0,0
BRDA:349,56,1,0
BRDA:389,57,0,0
BRDA:389,57,1,0
BRDA:391,58,0,0
BRDA:391,58,1,0
BRDA:411,59,0,0
BRDA:411,59,1,0
BRF:126
BRH:2
end_of_record
TN:
SF:src/Components/Gameboard/index.jsx
FN:23,Gameboard
FN:26,(anonymous_1)
FN:28,(anonymous_2)
FN:44,(anonymous_3)
FNF:4
FNH:4
FNDA:10,Gameboard
FNDA:80,(anonymous_1)
FNDA:320,(anonymous_2)
FNDA:320,(anonymous_3)
DA:12,3
DA:13,3
DA:14,3
DA:16,3
DA:17,24
DA:18,192
DA:26,10
DA:27,80
DA:28,40
DA:30,320
DA:31,160
DA:33,160
DA:34,40
DA:35,120
DA:36,20
DA:38,100
DA:44,40
DA:45,320
DA:47,160
DA:49,160
DA:50,20
DA:51,140
DA:52,40
DA:54,100
DA:62,10
LF:25
LH:25
BRDA:27,0,0,40
BRDA:27,0,1,40
BRDA:30,1,0,160
BRDA:30,1,1,160
BRDA:30,2,0,320
BRDA:30,2,1,280
BRDA:30,2,2,240
BRDA:30,2,3,200
BRDA:33,3,0,40
BRDA:33,3,1,120
BRDA:35,4,0,20
BRDA:35,4,1,100
BRDA:45,5,0,160
BRDA:45,5,1,160
BRDA:45,6,0,320
BRDA:45,6,1,280
BRDA:45,6,2,240
BRDA:45,6,3,200
BRDA:49,7,0,20
BRDA:49,7,1,140
BRDA:51,8,0,40
BRDA:51,8,1,100
BRF:22
BRH:22
end_of_record
TN:
SF:src/Components/LoginButton/index.jsx
FN:3,LoginButton
FNF:1
FNH:1
FNDA:1,LoginButton
DA:4,1
LF:1
LH:1
BRF:0
BRH:0
end_of_record
TN:
SF:src/Components/Logo/index.jsx
FN:3,Logo
FNF:1
FNH:1
FNDA:2,Logo
DA:4,2
LF:1
LH:1
BRF:0
BRH:0
end_of_record
TN:
SF:src/Components/RedPiece/index.jsx
FN:4,RedPiece
FN:8,(anonymous_1)
FNF:2
FNH:1
FNDA:61,RedPiece
FNDA:0,(anonymous_1)
DA:5,61
DA:6,61
DA:8,61
DA:9,0
DA:13,61
LF:5
LH:4
BRF:0
BRH:0
end_of_record
TN:
SF:src/Components/SignUpButton/index.jsx
FN:3,SignUpButton
FNF:1
FNH:1
FNDA:1,SignUpButton
DA:4,1
LF:1
LH:1
BRF:0
BRH:0
end_of_record
TN:
SF:src/Components/Title/index.jsx
FN:3,Title
FNF:1
FNH:1
FNDA:1,Title
DA:4,1
LF:1
LH:1
BRF:0
BRH:0
end_of_record
TN:
SF:src/Layout/index.js
FNF:0
FNH:0
LF:0
LH:0
BRF:0
BRH:0
end_of_record
TN:
SF:src/Layout/Header/index.jsx
FN:10,Header
FN:19,(anonymous_1)
FN:22,(anonymous_2)
FN:23,(anonymous_3)
FN:36,(anonymous_4)
FNF:5
FNH:1
FNDA:2,Header
FNDA:0,(anonymous_1)
FNDA:0,(anonymous_2)
FNDA:0,(anonymous_3)
FNDA:0,(anonymous_4)
DA:11,2
DA:12,1
DA:15,1
DA:16,0
DA:19,0
DA:22,0
DA:23,0
DA:32,1
DA:36,0
LF:9
LH:4
BRDA:15,0,0,0
BRDA:15,0,1,1
BRF:2
BRH:1
end_of_record
TN:
SF:src/Pages/ChippersPage/index.jsx
FN:5,ChippersPage
FNF:1
FNH:1
FNDA:1,ChippersPage
DA:6,1
LF:1
LH:1
BRF:0
BRH:0
end_of_record
TN:
SF:src/Pages/Homepage/index.jsx
FN:6,Homepage
FN:12,(anonymous_1)
FN:16,(anonymous_2)
FN:21,(anonymous_3)
FN:28,(anonymous_4)
FN:31,(anonymous_5)
FN:36,(anonymous_6)
FN:42,(anonymous_7)
FN:46,(anonymous_8)
FN:51,(anonymous_9)
FN:75,(anonymous_10)
FN:76,(anonymous_11)
FNF:12
FNH:1
FNDA:2,Homepage
FNDA:0,(anonymous_1)
FNDA:0,(anonymous_2)
FNDA:0,(anonymous_3)
FNDA:0,(anonymous_4)
FNDA:0,(anonymous_5)
FNDA:0,(anonymous_6)
FNDA:0,(anonymous_7)
FNDA:0,(anonymous_8)
FNDA:0,(anonymous_9)
FNDA:0,(anonymous_10)
FNDA:0,(anonymous_11)
DA:8,2
DA:9,1
DA:10,1
DA:11,1
DA:12,1
DA:13,0
DA:16,1
DA:17,0
DA:18,0
DA:21,1
DA:22,0
DA:23,0
DA:24,0
DA:25,0
DA:26,0
DA:27,0
DA:28,0
DA:29,0
DA:30,0
DA:31,0
DA:32,0
DA:35,0
DA:36,0
DA:37,0
DA:42,0
DA:43,0
DA:44,0
DA:45,0
DA:46,0
DA:47,0
DA:50,0
DA:51,0
DA:52,0
DA:53,0
DA:63,1
DA:75,0
DA:76,0
LF:37
LH:8
BRDA:27,0,0,0
BRDA:27,0,1,0
BRDA:29,1,0,0
BRDA:29,1,1,0
BRDA:44,2,0,0
BRDA:44,2,1,0
BRDA:52,3,0,0
BRDA:52,3,1,0
BRF:8
BRH:0
end_of_record
TN:
SF:src/Pages/Lobby/index.jsx
FN:5,(anonymous_0)
FN:11,(anonymous_1)
FN:15,(anonymous_2)
FN:21,(anonymous_3)
FNF:4
FNH:1
FNDA:3,(anonymous_0)
FNDA:0,(anonymous_1)
FNDA:0,(anonymous_2)
FNDA:0,(anonymous_3)
DA:5,1
DA:6,3
DA:7,2
DA:9,0
DA:11,0
DA:12,0
DA:13,0
DA:15,0
DA:21,0
DA:22,0
DA:23,0
DA:26,0
LF:12
LH:3
BRDA:12,0,0,0
BRDA:12,0,1,0
BRF:2
BRH:0
end_of_record
TN:
SF:src/socket/index.js
FNF:0
FNH:0
DA:3,4
DA:5,4
DA:7,4
LF:3
LH:3
BRF:0
BRH:0
end_of_record
